<?xml version="1.0" encoding="UTF-8"?>
<!-- Generated by org.testng.reporters.JUnitReportReporter -->
<testsuite hostname="DESKTOP-Q844QO6" failures="0" tests="1" name="testscript.logintest" time="31.739" errors="0" timestamp="2025-03-20T07:36:40 IST" skipped="0">
  <testcase classname="testscript.logintest" name="verifywhetheruserisabletologinwithvalidcridential" time="31.739"/>
</testsuite> <!-- testscript.logintest -->
