<?xml version="1.0" encoding="UTF-8"?>
<!-- Generated by org.testng.reporters.JUnitReportReporter -->
<testsuite hostname="DESKTOP-Q844QO6" failures="0" tests="4" name="testscripts.AdminUserTest" time="44.312" errors="1" timestamp="2025-04-01T20:18:52 IST" skipped="3">
  <testcase classname="testscripts.AdminUserTest" name="verifyNewButtonColor" time="15.709">
    <skipped/>
  </testcase> <!-- verifyNewButtonColor -->
  <testcase classname="testscripts.AdminUserTest" name="verifyNewButtonColor" time="8.644">
    <skipped/>
  </testcase> <!-- verifyNewButtonColor -->
  <testcase classname="testscripts.AdminUserTest" name="verifyNewButtonColor" time="10.807">
    <error type="java.lang.StackOverflowError">
      <![CDATA[java.lang.StackOverflowError
at pages.AdminUserPage.getButtonColor(AdminUserPage.java:25)
at pages.AdminUserPage.getButtonColor(AdminUserPage.java:25)
at pages.AdminUserPage.getButtonColor(AdminUserPage.java:25)
at pages.AdminUserPage.getButtonColor(AdminUserPage.java:25)
at pages.AdminUserPage.getButtonColor(AdminUserPage.java:25)
at pages.AdminUserPage.getButtonColor(AdminUserPage.java:25)
at pages.AdminUserPage.getButtonColor(AdminUserPage.java:25)
at pages.AdminUserPage.getButtonColor(AdminUserPage.java:25)
at pages.AdminUserPage.getButtonColor(AdminUserPage.java:25)
at pages.AdminUserPage.getButtonColor(AdminUserPage.java:25)
at pages.AdminUserPage.getButtonColor(AdminUserPage.java:25)
at pages.AdminUserPage.getButtonColor(AdminUserPage.java:25)
at pages.AdminUserPage.getButtonColor(AdminUserPage.java:25)
at pages.AdminUserPage.getButtonColor(AdminUserPage.java:25)
at pages.AdminUserPage.getButtonColor(AdminUserPage.java:25)
at pages.AdminUserPage.getButtonColor(AdminUserPage.java:25)
at pages.AdminUserPage.getButtonColor(AdminUserPage.java:25)
at pages.AdminUserPage.getButtonColor(AdminUserPage.java:25)
at pages.AdminUserPage.getButtonColor(AdminUserPage.java:25)
at pages.AdminUserPage.getButtonColor(AdminUserPage.java:25)
at pages.AdminUserPage.getButtonColor(AdminUserPage.java:25)
at pages.AdminUserPage.getButtonColor(AdminUserPage.java:25)
at pages.AdminUserPage.getButtonColor(AdminUserPage.java:25)
at pages.AdminUserPage.getButtonColor(AdminUserPage.java:25)
at pages.AdminUserPage.getButtonColor(AdminUserPage.java:25)
at pages.AdminUserPage.getButtonColor(AdminUserPage.java:25)
at pages.AdminUserPage.getButtonColor(AdminUserPage.java:25)
at pages.AdminUserPage.getButtonColor(AdminUserPage.java:25)
at pages.AdminUserPage.getButtonColor(AdminUserPage.java:25)
at pages.AdminUserPage.getButtonColor(AdminUserPage.java:25)
at pages.AdminUserPage.getButtonColor(AdminUserPage.java:25)
at pages.AdminUserPage.getButtonColor(AdminUserPage.java:25)
at pages.AdminUserPage.getButtonColor(AdminUserPage.java:25)
at pages.AdminUserPage.getButtonColor(AdminUserPage.java:25)
at pages.AdminUserPage.getButtonColor(AdminUserPage.java:25)
at pages.AdminUserPage.getButtonColor(AdminUserPage.java:25)
at pages.AdminUserPage.getButtonColor(AdminUserPage.java:25)
at pages.AdminUserPage.getButtonColor(AdminUserPage.java:25)
at pages.AdminUserPage.getButtonColor(AdminUserPage.java:25)
at pages.AdminUserPage.getButtonColor(AdminUserPage.java:25)
at pages.AdminUserPage.getButtonColor(AdminUserPage.java:25)
at pages.AdminUserPage.getButtonColor(AdminUserPage.java:25)
at pages.AdminUserPage.getButtonColor(AdminUserPage.java:25)
at pages.AdminUserPage.getButtonColor(AdminUserPage.java:25)
at pages.AdminUserPage.getButtonColor(AdminUserPage.java:25)
at pages.AdminUserPage.getButtonColor(AdminUserPage.java:25)
at pages.AdminUserPage.getButtonColor(AdminUserPage.java:25)
at pages.AdminUserPage.getButtonColor(AdminUserPage.java:25)
at pages.AdminUserPage.getButtonColor(AdminUserPage.java:25)
at pages.AdminUserPage.getButtonColor(AdminUserPage.java:25)
at pages.AdminUserPage.getButtonColor(AdminUserPage.java:25)
at pages.AdminUserPage.getButtonColor(AdminUserPage.java:25)
at pages.AdminUserPage.getButtonColor(AdminUserPage.java:25)
at pages.AdminUserPage.getButtonColor(AdminUserPage.java:25)
at pages.AdminUserPage.getButtonColor(AdminUserPage.java:25)
at pages.AdminUserPage.getButtonColor(AdminUserPage.java:25)
at pages.AdminUserPage.getButtonColor(AdminUserPage.java:25)
at pages.AdminUserPage.getButtonColor(AdminUserPage.java:25)
at pages.AdminUserPage.getButtonColor(AdminUserPage.java:25)
at pages.AdminUserPage.getButtonColor(AdminUserPage.java:25)
at pages.AdminUserPage.getButtonColor(AdminUserPage.java:25)
at pages.AdminUserPage.getButtonColor(AdminUserPage.java:25)
at pages.AdminUserPage.getButtonColor(AdminUserPage.java:25)
at pages.AdminUserPage.getButtonColor(AdminUserPage.java:25)
at pages.AdminUserPage.getButtonColor(AdminUserPage.java:25)
at pages.AdminUserPage.getButtonColor(AdminUserPage.java:25)
at pages.AdminUserPage.getButtonColor(AdminUserPage.java:25)
at pages.AdminUserPage.getButtonColor(AdminUserPage.java:25)
at pages.AdminUserPage.getButtonColor(AdminUserPage.java:25)
at pages.AdminUserPage.getButtonColor(AdminUserPage.java:25)
at pages.AdminUserPage.getButtonColor(AdminUserPage.java:25)
at pages.AdminUserPage.getButtonColor(AdminUserPage.java:25)
at pages.AdminUserPage.getButtonColor(AdminUserPage.java:25)
at pages.AdminUserPage.getButtonColor(AdminUserPage.java:25)
at pages.AdminUserPage.getButtonColor(AdminUserPage.java:25)
at pages.AdminUserPage.getButtonColor(AdminUserPage.java:25)
at pages.AdminUserPage.getButtonColor(AdminUserPage.java:25)
at pages.AdminUserPage.getButtonColor(AdminUserPage.java:25)
at pages.AdminUserPage.getButtonColor(AdminUserPage.java:25)
at pages.AdminUserPage.getButtonColor(AdminUserPage.java:25)
at pages.AdminUserPage.getButtonColor(AdminUserPage.java:25)
at pages.AdminUserPage.getButtonColor(AdminUserPage.java:25)
at pages.AdminUserPage.getButtonColor(AdminUserPage.java:25)
at pages.AdminUserPage.getButtonColor(AdminUserPage.java:25)
at pages.AdminUserPage.getButtonColor(AdminUserPage.java:25)
at pages.AdminUserPage.getButtonColor(AdminUserPage.java:25)
at pages.AdminUserPage.getButtonColor(AdminUserPage.java:25)
at pages.AdminUserPage.getButtonColor(AdminUserPage.java:25)
at pages.AdminUserPage.getButtonColor(AdminUserPage.java:25)
at pages.AdminUserPage.getButtonColor(AdminUserPage.java:25)
at pages.AdminUserPage.getButtonColor(AdminUserPage.java:25)
at pages.AdminUserPage.getButtonColor(AdminUserPage.java:25)
at pages.AdminUserPage.getButtonColor(AdminUserPage.java:25)
at pages.AdminUserPage.getButtonColor(AdminUserPage.java:25)
at pages.AdminUserPage.getButtonColor(AdminUserPage.java:25)
at pages.AdminUserPage.getButtonColor(AdminUserPage.java:25)
at pages.AdminUserPage.getButtonColor(AdminUserPage.java:25)
at pages.AdminUserPage.getButtonColor(AdminUserPage.java:25)
at pages.AdminUserPage.getButtonColor(AdminUserPage.java:25)
at pages.AdminUserPage.getButtonColor(AdminUserPage.java:25)
at pages.AdminUserPage.getButtonColor(AdminUserPage.java:25)
at pages.AdminUserPage.getButtonColor(AdminUserPage.java:25)
at pages.AdminUserPage.getButtonColor(AdminUserPage.java:25)
at pages.AdminUserPage.getButtonColor(AdminUserPage.java:25)
at pages.AdminUserPage.getButtonColor(AdminUserPage.java:25)
at pages.AdminUserPage.getButtonColor(AdminUserPage.java:25)
at pages.AdminUserPage.getButtonColor(AdminUserPage.java:25)
at pages.AdminUserPage.getButtonColor(AdminUserPage.java:25)
at pages.AdminUserPage.getButtonColor(AdminUserPage.java:25)
at pages.AdminUserPage.getButtonColor(AdminUserPage.java:25)
at pages.AdminUserPage.getButtonColor(AdminUserPage.java:25)
at pages.AdminUserPage.getButtonColor(AdminUserPage.java:25)
at pages.AdminUserPage.getButtonColor(AdminUserPage.java:25)
at pages.AdminUserPage.getButtonColor(AdminUserPage.java:25)
at pages.AdminUserPage.getButtonColor(AdminUserPage.java:25)
at pages.AdminUserPage.getButtonColor(AdminUserPage.java:25)
at pages.AdminUserPage.getButtonColor(AdminUserPage.java:25)
at pages.AdminUserPage.getButtonColor(AdminUserPage.java:25)
at pages.AdminUserPage.getButtonColor(AdminUserPage.java:25)
at pages.AdminUserPage.getButtonColor(AdminUserPage.java:25)
at pages.AdminUserPage.getButtonColor(AdminUserPage.java:25)
at pages.AdminUserPage.getButtonColor(AdminUserPage.java:25)
at pages.AdminUserPage.getButtonColor(AdminUserPage.java:25)
at pages.AdminUserPage.getButtonColor(AdminUserPage.java:25)
at pages.AdminUserPage.getButtonColor(AdminUserPage.java:25)
at pages.AdminUserPage.getButtonColor(AdminUserPage.java:25)
at pages.AdminUserPage.getButtonColor(AdminUserPage.java:25)
at pages.AdminUserPage.getButtonColor(AdminUserPage.java:25)
at pages.AdminUserPage.getButtonColor(AdminUserPage.java:25)
at pages.AdminUserPage.getButtonColor(AdminUserPage.java:25)
at pages.AdminUserPage.getButtonColor(AdminUserPage.java:25)
at pages.AdminUserPage.getButtonColor(AdminUserPage.java:25)
at pages.AdminUserPage.getButtonColor(AdminUserPage.java:25)
at pages.AdminUserPage.getButtonColor(AdminUserPage.java:25)
at pages.AdminUserPage.getButtonColor(AdminUserPage.java:25)
at pages.AdminUserPage.getButtonColor(AdminUserPage.java:25)
at pages.AdminUserPage.getButtonColor(AdminUserPage.java:25)
at pages.AdminUserPage.getButtonColor(AdminUserPage.java:25)
at pages.AdminUserPage.getButtonColor(AdminUserPage.java:25)
at pages.AdminUserPage.getButtonColor(AdminUserPage.java:25)
at pages.AdminUserPage.getButtonColor(AdminUserPage.java:25)
at pages.AdminUserPage.getButtonColor(AdminUserPage.java:25)
at pages.AdminUserPage.getButtonColor(AdminUserPage.java:25)
at pages.AdminUserPage.getButtonColor(AdminUserPage.java:25)
at pages.AdminUserPage.getButtonColor(AdminUserPage.java:25)
at pages.AdminUserPage.getButtonColor(AdminUserPage.java:25)
at pages.AdminUserPage.getButtonColor(AdminUserPage.java:25)
at pages.AdminUserPage.getButtonColor(AdminUserPage.java:25)
at pages.AdminUserPage.getButtonColor(AdminUserPage.java:25)
at pages.AdminUserPage.getButtonColor(AdminUserPage.java:25)
at pages.AdminUserPage.getButtonColor(AdminUserPage.java:25)
at pages.AdminUserPage.getButtonColor(AdminUserPage.java:25)
at pages.AdminUserPage.getButtonColor(AdminUserPage.java:25)
at pages.AdminUserPage.getButtonColor(AdminUserPage.java:25)
at pages.AdminUserPage.getButtonColor(AdminUserPage.java:25)
at pages.AdminUserPage.getButtonColor(AdminUserPage.java:25)
at pages.AdminUserPage.getButtonColor(AdminUserPage.java:25)
at pages.AdminUserPage.getButtonColor(AdminUserPage.java:25)
at pages.AdminUserPage.getButtonColor(AdminUserPage.java:25)
at pages.AdminUserPage.getButtonColor(AdminUserPage.java:25)
at pages.AdminUserPage.getButtonColor(AdminUserPage.java:25)
at pages.AdminUserPage.getButtonColor(AdminUserPage.java:25)
at pages.AdminUserPage.getButtonColor(AdminUserPage.java:25)
at pages.AdminUserPage.getButtonColor(AdminUserPage.java:25)
at pages.AdminUserPage.getButtonColor(AdminUserPage.java:25)
at pages.AdminUserPage.getButtonColor(AdminUserPage.java:25)
at pages.AdminUserPage.getButtonColor(AdminUserPage.java:25)
at pages.AdminUserPage.getButtonColor(AdminUserPage.java:25)
at pages.AdminUserPage.getButtonColor(AdminUserPage.java:25)
at pages.AdminUserPage.getButtonColor(AdminUserPage.java:25)
at pages.AdminUserPage.getButtonColor(AdminUserPage.java:25)
at pages.AdminUserPage.getButtonColor(AdminUserPage.java:25)
at pages.AdminUserPage.getButtonColor(AdminUserPage.java:25)
at pages.AdminUserPage.getButtonColor(AdminUserPage.java:25)
at pages.AdminUserPage.getButtonColor(AdminUserPage.java:25)
at pages.AdminUserPage.getButtonColor(AdminUserPage.java:25)
at pages.AdminUserPage.getButtonColor(AdminUserPage.java:25)
at pages.AdminUserPage.getButtonColor(AdminUserPage.java:25)
at pages.AdminUserPage.getButtonColor(AdminUserPage.java:25)
at pages.AdminUserPage.getButtonColor(AdminUserPage.java:25)
at pages.AdminUserPage.getButtonColor(AdminUserPage.java:25)
at pages.AdminUserPage.getButtonColor(AdminUserPage.java:25)
at pages.AdminUserPage.getButtonColor(AdminUserPage.java:25)
at pages.AdminUserPage.getButtonColor(AdminUserPage.java:25)
at pages.AdminUserPage.getButtonColor(AdminUserPage.java:25)
at pages.AdminUserPage.getButtonColor(AdminUserPage.java:25)
at pages.AdminUserPage.getButtonColor(AdminUserPage.java:25)
at pages.AdminUserPage.getButtonColor(AdminUserPage.java:25)
at pages.AdminUserPage.getButtonColor(AdminUserPage.java:25)
at pages.AdminUserPage.getButtonColor(AdminUserPage.java:25)
at pages.AdminUserPage.getButtonColor(AdminUserPage.java:25)
at pages.AdminUserPage.getButtonColor(AdminUserPage.java:25)
at pages.AdminUserPage.getButtonColor(AdminUserPage.java:25)
at pages.AdminUserPage.getButtonColor(AdminUserPage.java:25)
at pages.AdminUserPage.getButtonColor(AdminUserPage.java:25)
at pages.AdminUserPage.getButtonColor(AdminUserPage.java:25)
at pages.AdminUserPage.getButtonColor(AdminUserPage.java:25)
at pages.AdminUserPage.getButtonColor(AdminUserPage.java:25)
at pages.AdminUserPage.getButtonColor(AdminUserPage.java:25)
at pages.AdminUserPage.getButtonColor(AdminUserPage.java:25)
at pages.AdminUserPage.getButtonColor(AdminUserPage.java:25)
at pages.AdminUserPage.getButtonColor(AdminUserPage.java:25)
at pages.AdminUserPage.getButtonColor(AdminUserPage.java:25)
at pages.AdminUserPage.getButtonColor(AdminUserPage.java:25)
at pages.AdminUserPage.getButtonColor(AdminUserPage.java:25)
at pages.AdminUserPage.getButtonColor(AdminUserPage.java:25)
at pages.AdminUserPage.getButtonColor(AdminUserPage.java:25)
at pages.AdminUserPage.getButtonColor(AdminUserPage.java:25)
at pages.AdminUserPage.getButtonColor(AdminUserPage.java:25)
at pages.AdminUserPage.getButtonColor(AdminUserPage.java:25)
at pages.AdminUserPage.getButtonColor(AdminUserPage.java:25)
at pages.AdminUserPage.getButtonColor(AdminUserPage.java:25)
at pages.AdminUserPage.getButtonColor(AdminUserPage.java:25)
at pages.AdminUserPage.getButtonColor(AdminUserPage.java:25)
at pages.AdminUserPage.getButtonColor(AdminUserPage.java:25)
at pages.AdminUserPage.getButtonColor(AdminUserPage.java:25)
at pages.AdminUserPage.getButtonColor(AdminUserPage.java:25)
at pages.AdminUserPage.getButtonColor(AdminUserPage.java:25)
at pages.AdminUserPage.getButtonColor(AdminUserPage.java:25)
at pages.AdminUserPage.getButtonColor(AdminUserPage.java:25)
at pages.AdminUserPage.getButtonColor(AdminUserPage.java:25)
at pages.AdminUserPage.getButtonColor(AdminUserPage.java:25)
at pages.AdminUserPage.getButtonColor(AdminUserPage.java:25)
at pages.AdminUserPage.getButtonColor(AdminUserPage.java:25)
at pages.AdminUserPage.getButtonColor(AdminUserPage.java:25)
at pages.AdminUserPage.getButtonColor(AdminUserPage.java:25)
at pages.AdminUserPage.getButtonColor(AdminUserPage.java:25)
at pages.AdminUserPage.getButtonColor(AdminUserPage.java:25)
at pages.AdminUserPage.getButtonColor(AdminUserPage.java:25)
at pages.AdminUserPage.getButtonColor(AdminUserPage.java:25)
at pages.AdminUserPage.getButtonColor(AdminUserPage.java:25)
at pages.AdminUserPage.getButtonColor(AdminUserPage.java:25)
at pages.AdminUserPage.getButtonColor(AdminUserPage.java:25)
at pages.AdminUserPage.getButtonColor(AdminUserPage.java:25)
at pages.AdminUserPage.getButtonColor(AdminUserPage.java:25)
at pages.AdminUserPage.getButtonColor(AdminUserPage.java:25)
at pages.AdminUserPage.getButtonColor(AdminUserPage.java:25)
at pages.AdminUserPage.getButtonColor(AdminUserPage.java:25)
at pages.AdminUserPage.getButtonColor(AdminUserPage.java:25)
at pages.AdminUserPage.getButtonColor(AdminUserPage.java:25)
at pages.AdminUserPage.getButtonColor(AdminUserPage.java:25)
at pages.AdminUserPage.getButtonColor(AdminUserPage.java:25)
at pages.AdminUserPage.getButtonColor(AdminUserPage.java:25)
at pages.AdminUserPage.getButtonColor(AdminUserPage.java:25)
at pages.AdminUserPage.getButtonColor(AdminUserPage.java:25)
at pages.AdminUserPage.getButtonColor(AdminUserPage.java:25)
at pages.AdminUserPage.getButtonColor(AdminUserPage.java:25)
at pages.AdminUserPage.getButtonColor(AdminUserPage.java:25)
at pages.AdminUserPage.getButtonColor(AdminUserPage.java:25)
at pages.AdminUserPage.getButtonColor(AdminUserPage.java:25)
at pages.AdminUserPage.getButtonColor(AdminUserPage.java:25)
at pages.AdminUserPage.getButtonColor(AdminUserPage.java:25)
at pages.AdminUserPage.getButtonColor(AdminUserPage.java:25)
at pages.AdminUserPage.getButtonColor(AdminUserPage.java:25)
at pages.AdminUserPage.getButtonColor(AdminUserPage.java:25)
at pages.AdminUserPage.getButtonColor(AdminUserPage.java:25)
at pages.AdminUserPage.getButtonColor(AdminUserPage.java:25)
at pages.AdminUserPage.getButtonColor(AdminUserPage.java:25)
at pages.AdminUserPage.getButtonColor(AdminUserPage.java:25)
at pages.AdminUserPage.getButtonColor(AdminUserPage.java:25)
at pages.AdminUserPage.getButtonColor(AdminUserPage.java:25)
at pages.AdminUserPage.getButtonColor(AdminUserPage.java:25)
at pages.AdminUserPage.getButtonColor(AdminUserPage.java:25)
at pages.AdminUserPage.getButtonColor(AdminUserPage.java:25)
at pages.AdminUserPage.getButtonColor(AdminUserPage.java:25)
at pages.AdminUserPage.getButtonColor(AdminUserPage.java:25)
at pages.AdminUserPage.getButtonColor(AdminUserPage.java:25)
at pages.AdminUserPage.getButtonColor(AdminUserPage.java:25)
at pages.AdminUserPage.getButtonColor(AdminUserPage.java:25)
at pages.AdminUserPage.getButtonColor(AdminUserPage.java:25)
at pages.AdminUserPage.getButtonColor(AdminUserPage.java:25)
at pages.AdminUserPage.getButtonColor(AdminUserPage.java:25)
at pages.AdminUserPage.getButtonColor(AdminUserPage.java:25)
at pages.AdminUserPage.getButtonColor(AdminUserPage.java:25)
at pages.AdminUserPage.getButtonColor(AdminUserPage.java:25)
at pages.AdminUserPage.getButtonColor(AdminUserPage.java:25)
at pages.AdminUserPage.getButtonColor(AdminUserPage.java:25)
at pages.AdminUserPage.getButtonColor(AdminUserPage.java:25)
at pages.AdminUserPage.getButtonColor(AdminUserPage.java:25)
at pages.AdminUserPage.getButtonColor(AdminUserPage.java:25)
at pages.AdminUserPage.getButtonColor(AdminUserPage.java:25)
at pages.AdminUserPage.getButtonColor(AdminUserPage.java:25)
at pages.AdminUserPage.getButtonColor(AdminUserPage.java:25)
at pages.AdminUserPage.getButtonColor(AdminUserPage.java:25)
at pages.AdminUserPage.getButtonColor(AdminUserPage.java:25)
at pages.AdminUserPage.getButtonColor(AdminUserPage.java:25)
at pages.AdminUserPage.getButtonColor(AdminUserPage.java:25)
at pages.AdminUserPage.getButtonColor(AdminUserPage.java:25)
at pages.AdminUserPage.getButtonColor(AdminUserPage.java:25)
at pages.AdminUserPage.getButtonColor(AdminUserPage.java:25)
at pages.AdminUserPage.getButtonColor(AdminUserPage.java:25)
at pages.AdminUserPage.getButtonColor(AdminUserPage.java:25)
at pages.AdminUserPage.getButtonColor(AdminUserPage.java:25)
at pages.AdminUserPage.getButtonColor(AdminUserPage.java:25)
at pages.AdminUserPage.getButtonColor(AdminUserPage.java:25)
at pages.AdminUserPage.getButtonColor(AdminUserPage.java:25)
at pages.AdminUserPage.getButtonColor(AdminUserPage.java:25)
at pages.AdminUserPage.getButtonColor(AdminUserPage.java:25)
at pages.AdminUserPage.getButtonColor(AdminUserPage.java:25)
at pages.AdminUserPage.getButtonColor(AdminUserPage.java:25)
at pages.AdminUserPage.getButtonColor(AdminUserPage.java:25)
at pages.AdminUserPage.getButtonColor(AdminUserPage.java:25)
at pages.AdminUserPage.getButtonColor(AdminUserPage.java:25)
at pages.AdminUserPage.getButtonColor(AdminUserPage.java:25)
at pages.AdminUserPage.getButtonColor(AdminUserPage.java:25)
at pages.AdminUserPage.getButtonColor(AdminUserPage.java:25)
at pages.AdminUserPage.getButtonColor(AdminUserPage.java:25)
at pages.AdminUserPage.getButtonColor(AdminUserPage.java:25)
at pages.AdminUserPage.getButtonColor(AdminUserPage.java:25)
at pages.AdminUserPage.getButtonColor(AdminUserPage.java:25)
at pages.AdminUserPage.getButtonColor(AdminUserPage.java:25)
at pages.AdminUserPage.getButtonColor(AdminUserPage.java:25)
at pages.AdminUserPage.getButtonColor(AdminUserPage.java:25)
at pages.AdminUserPage.getButtonColor(AdminUserPage.java:25)
at pages.AdminUserPage.getButtonColor(AdminUserPage.java:25)
at pages.AdminUserPage.getButtonColor(AdminUserPage.java:25)
at pages.AdminUserPage.getButtonColor(AdminUserPage.java:25)
at pages.AdminUserPage.getButtonColor(AdminUserPage.java:25)
at pages.AdminUserPage.getButtonColor(AdminUserPage.java:25)
at pages.AdminUserPage.getButtonColor(AdminUserPage.java:25)
at pages.AdminUserPage.getButtonColor(AdminUserPage.java:25)
at pages.AdminUserPage.getButtonColor(AdminUserPage.java:25)
at pages.AdminUserPage.getButtonColor(AdminUserPage.java:25)
at pages.AdminUserPage.getButtonColor(AdminUserPage.java:25)
at pages.AdminUserPage.getButtonColor(AdminUserPage.java:25)
at pages.AdminUserPage.getButtonColor(AdminUserPage.java:25)
at pages.AdminUserPage.getButtonColor(AdminUserPage.java:25)
at pages.AdminUserPage.getButtonColor(AdminUserPage.java:25)
at pages.AdminUserPage.getButtonColor(AdminUserPage.java:25)
at pages.AdminUserPage.getButtonColor(AdminUserPage.java:25)
at pages.AdminUserPage.getButtonColor(AdminUserPage.java:25)
at pages.AdminUserPage.getButtonColor(AdminUserPage.java:25)
at pages.AdminUserPage.getButtonColor(AdminUserPage.java:25)
at pages.AdminUserPage.getButtonColor(AdminUserPage.java:25)
at pages.AdminUserPage.getButtonColor(AdminUserPage.java:25)
at pages.AdminUserPage.getButtonColor(AdminUserPage.java:25)
at pages.AdminUserPage.getButtonColor(AdminUserPage.java:25)
at pages.AdminUserPage.getButtonColor(AdminUserPage.java:25)
at pages.AdminUserPage.getButtonColor(AdminUserPage.java:25)
at pages.AdminUserPage.getButtonColor(AdminUserPage.java:25)
at pages.AdminUserPage.getButtonColor(AdminUserPage.java:25)
at pages.AdminUserPage.getButtonColor(AdminUserPage.java:25)
at pages.AdminUserPage.getButtonColor(AdminUserPage.java:25)
at pages.AdminUserPage.getButtonColor(AdminUserPage.java:25)
at pages.AdminUserPage.getButtonColor(AdminUserPage.java:25)
at pages.AdminUserPage.getButtonColor(AdminUserPage.java:25)
at pages.AdminUserPage.getButtonColor(AdminUserPage.java:25)
at pages.AdminUserPage.getButtonColor(AdminUserPage.java:25)
at pages.AdminUserPage.getButtonColor(AdminUserPage.java:25)
at pages.AdminUserPage.getButtonColor(AdminUserPage.java:25)
at pages.AdminUserPage.getButtonColor(AdminUserPage.java:25)
at pages.AdminUserPage.getButtonColor(AdminUserPage.java:25)
at pages.AdminUserPage.getButtonColor(AdminUserPage.java:25)
at pages.AdminUserPage.getButtonColor(AdminUserPage.java:25)
at pages.AdminUserPage.getButtonColor(AdminUserPage.java:25)
at pages.AdminUserPage.getButtonColor(AdminUserPage.java:25)
at pages.AdminUserPage.getButtonColor(AdminUserPage.java:25)
at pages.AdminUserPage.getButtonColor(AdminUserPage.java:25)
at pages.AdminUserPage.getButtonColor(AdminUserPage.java:25)
at pages.AdminUserPage.getButtonColor(AdminUserPage.java:25)
at pages.AdminUserPage.getButtonColor(AdminUserPage.java:25)
at pages.AdminUserPage.getButtonColor(AdminUserPage.java:25)
at pages.AdminUserPage.getButtonColor(AdminUserPage.java:25)
at pages.AdminUserPage.getButtonColor(AdminUserPage.java:25)
at pages.AdminUserPage.getButtonColor(AdminUserPage.java:25)
at pages.AdminUserPage.getButtonColor(AdminUserPage.java:25)
at pages.AdminUserPage.getButtonColor(AdminUserPage.java:25)
at pages.AdminUserPage.getButtonColor(AdminUserPage.java:25)
at pages.AdminUserPage.getButtonColor(AdminUserPage.java:25)
at pages.AdminUserPage.getButtonColor(AdminUserPage.java:25)
at pages.AdminUserPage.getButtonColor(AdminUserPage.java:25)
at pages.AdminUserPage.getButtonColor(AdminUserPage.java:25)
at pages.AdminUserPage.getButtonColor(AdminUserPage.java:25)
at pages.AdminUserPage.getButtonColor(AdminUserPage.java:25)
at pages.AdminUserPage.getButtonColor(AdminUserPage.java:25)
at pages.AdminUserPage.getButtonColor(AdminUserPage.java:25)
at pages.AdminUserPage.getButtonColor(AdminUserPage.java:25)
at pages.AdminUserPage.getButtonColor(AdminUserPage.java:25)
at pages.AdminUserPage.getButtonColor(AdminUserPage.java:25)
at pages.AdminUserPage.getButtonColor(AdminUserPage.java:25)
at pages.AdminUserPage.getButtonColor(AdminUserPage.java:25)
at pages.AdminUserPage.getButtonColor(AdminUserPage.java:25)
at pages.AdminUserPage.getButtonColor(AdminUserPage.java:25)
at pages.AdminUserPage.getButtonColor(AdminUserPage.java:25)
at pages.AdminUserPage.getButtonColor(AdminUserPage.java:25)
at pages.AdminUserPage.getButtonColor(AdminUserPage.java:25)
at pages.AdminUserPage.getButtonColor(AdminUserPage.java:25)
at pages.AdminUserPage.getButtonColor(AdminUserPage.java:25)
at pages.AdminUserPage.getButtonColor(AdminUserPage.java:25)
at pages.AdminUserPage.getButtonColor(AdminUserPage.java:25)
at pages.AdminUserPage.getButtonColor(AdminUserPage.java:25)
at pages.AdminUserPage.getButtonColor(AdminUserPage.java:25)
at pages.AdminUserPage.getButtonColor(AdminUserPage.java:25)
at pages.AdminUserPage.getButtonColor(AdminUserPage.java:25)
at pages.AdminUserPage.getButtonColor(AdminUserPage.java:25)
at pages.AdminUserPage.getButtonColor(AdminUserPage.java:25)
at pages.AdminUserPage.getButtonColor(AdminUserPage.java:25)
at pages.AdminUserPage.getButtonColor(AdminUserPage.java:25)
at pages.AdminUserPage.getButtonColor(AdminUserPage.java:25)
at pages.AdminUserPage.getButtonColor(AdminUserPage.java:25)
at pages.AdminUserPage.getButtonColor(AdminUserPage.java:25)
at pages.AdminUserPage.getButtonColor(AdminUserPage.java:25)
at pages.AdminUserPage.getButtonColor(AdminUserPage.java:25)
at pages.AdminUserPage.getButtonColor(AdminUserPage.java:25)
at pages.AdminUserPage.getButtonColor(AdminUserPage.java:25)
at pages.AdminUserPage.getButtonColor(AdminUserPage.java:25)
at pages.AdminUserPage.getButtonColor(AdminUserPage.java:25)
at pages.AdminUserPage.getButtonColor(AdminUserPage.java:25)
at pages.AdminUserPage.getButtonColor(AdminUserPage.java:25)
at pages.AdminUserPage.getButtonColor(AdminUserPage.java:25)
at pages.AdminUserPage.getButtonColor(AdminUserPage.java:25)
at pages.AdminUserPage.getButtonColor(AdminUserPage.java:25)
at pages.AdminUserPage.getButtonColor(AdminUserPage.java:25)
at pages.AdminUserPage.getButtonColor(AdminUserPage.java:25)
at pages.AdminUserPage.getButtonColor(AdminUserPage.java:25)
at pages.AdminUserPage.getButtonColor(AdminUserPage.java:25)
at pages.AdminUserPage.getButtonColor(AdminUserPage.java:25)
at pages.AdminUserPage.getButtonColor(AdminUserPage.java:25)
at pages.AdminUserPage.getButtonColor(AdminUserPage.java:25)
at pages.AdminUserPage.getButtonColor(AdminUserPage.java:25)
at pages.AdminUserPage.getButtonColor(AdminUserPage.java:25)
at pages.AdminUserPage.getButtonColor(AdminUserPage.java:25)
at pages.AdminUserPage.getButtonColor(AdminUserPage.java:25)
at pages.AdminUserPage.getButtonColor(AdminUserPage.java:25)
at pages.AdminUserPage.getButtonColor(AdminUserPage.java:25)
at pages.AdminUserPage.getButtonColor(AdminUserPage.java:25)
at pages.AdminUserPage.getButtonColor(AdminUserPage.java:25)
at pages.AdminUserPage.getButtonColor(AdminUserPage.java:25)
at pages.AdminUserPage.getButtonColor(AdminUserPage.java:25)
at pages.AdminUserPage.getButtonColor(AdminUserPage.java:25)
at pages.AdminUserPage.getButtonColor(AdminUserPage.java:25)
at pages.AdminUserPage.getButtonColor(AdminUserPage.java:25)
at pages.AdminUserPage.getButtonColor(AdminUserPage.java:25)
at pages.AdminUserPage.getButtonColor(AdminUserPage.java:25)
at pages.AdminUserPage.getButtonColor(AdminUserPage.java:25)
at pages.AdminUserPage.getButtonColor(AdminUserPage.java:25)
at pages.AdminUserPage.getButtonColor(AdminUserPage.java:25)
at pages.AdminUserPage.getButtonColor(AdminUserPage.java:25)
at pages.AdminUserPage.getButtonColor(AdminUserPage.java:25)
at pages.AdminUserPage.getButtonColor(AdminUserPage.java:25)
at pages.AdminUserPage.getButtonColor(AdminUserPage.java:25)
at pages.AdminUserPage.getButtonColor(AdminUserPage.java:25)
at pages.AdminUserPage.getButtonColor(AdminUserPage.java:25)
at pages.AdminUserPage.getButtonColor(AdminUserPage.java:25)
at pages.AdminUserPage.getButtonColor(AdminUserPage.java:25)
at pages.AdminUserPage.getButtonColor(AdminUserPage.java:25)
at pages.AdminUserPage.getButtonColor(AdminUserPage.java:25)
at pages.AdminUserPage.getButtonColor(AdminUserPage.java:25)
at pages.AdminUserPage.getButtonColor(AdminUserPage.java:25)
at pages.AdminUserPage.getButtonColor(AdminUserPage.java:25)
at pages.AdminUserPage.getButtonColor(AdminUserPage.java:25)
at pages.AdminUserPage.getButtonColor(AdminUserPage.java:25)
at pages.AdminUserPage.getButtonColor(AdminUserPage.java:25)
at pages.AdminUserPage.getButtonColor(AdminUserPage.java:25)
at pages.AdminUserPage.getButtonColor(AdminUserPage.java:25)
at pages.AdminUserPage.getButtonColor(AdminUserPage.java:25)
at pages.AdminUserPage.getButtonColor(AdminUserPage.java:25)
at pages.AdminUserPage.getButtonColor(AdminUserPage.java:25)
at pages.AdminUserPage.getButtonColor(AdminUserPage.java:25)
at pages.AdminUserPage.getButtonColor(AdminUserPage.java:25)
at pages.AdminUserPage.getButtonColor(AdminUserPage.java:25)
at pages.AdminUserPage.getButtonColor(AdminUserPage.java:25)
at pages.AdminUserPage.getButtonColor(AdminUserPage.java:25)
at pages.AdminUserPage.getButtonColor(AdminUserPage.java:25)
at pages.AdminUserPage.getButtonColor(AdminUserPage.java:25)
at pages.AdminUserPage.getButtonColor(AdminUserPage.java:25)
at pages.AdminUserPage.getButtonColor(AdminUserPage.java:25)
at pages.AdminUserPage.getButtonColor(AdminUserPage.java:25)
at pages.AdminUserPage.getButtonColor(AdminUserPage.java:25)
at pages.AdminUserPage.getButtonColor(AdminUserPage.java:25)
at pages.AdminUserPage.getButtonColor(AdminUserPage.java:25)
at pages.AdminUserPage.getButtonColor(AdminUserPage.java:25)
at pages.AdminUserPage.getButtonColor(AdminUserPage.java:25)
at pages.AdminUserPage.getButtonColor(AdminUserPage.java:25)
at pages.AdminUserPage.getButtonColor(AdminUserPage.java:25)
at pages.AdminUserPage.getButtonColor(AdminUserPage.java:25)
at pages.AdminUserPage.getButtonColor(AdminUserPage.java:25)
at pages.AdminUserPage.getButtonColor(AdminUserPage.java:25)
at pages.AdminUserPage.getButtonColor(AdminUserPage.java:25)
at pages.AdminUserPage.getButtonColor(AdminUserPage.java:25)
at pages.AdminUserPage.getButtonColor(AdminUserPage.java:25)
at pages.AdminUserPage.getButtonColor(AdminUserPage.java:25)
at pages.AdminUserPage.getButtonColor(AdminUserPage.java:25)
at pages.AdminUserPage.getButtonColor(AdminUserPage.java:25)
at pages.AdminUserPage.getButtonColor(AdminUserPage.java:25)
at pages.AdminUserPage.getButtonColor(AdminUserPage.java:25)
at pages.AdminUserPage.getButtonColor(AdminUserPage.java:25)
at pages.AdminUserPage.getButtonColor(AdminUserPage.java:25)
at pages.AdminUserPage.getButtonColor(AdminUserPage.java:25)
at pages.AdminUserPage.getButtonColor(AdminUserPage.java:25)
at pages.AdminUserPage.getButtonColor(AdminUserPage.java:25)
at pages.AdminUserPage.getButtonColor(AdminUserPage.java:25)
at pages.AdminUserPage.getButtonColor(AdminUserPage.java:25)
at pages.AdminUserPage.getButtonColor(AdminUserPage.java:25)
at pages.AdminUserPage.getButtonColor(AdminUserPage.java:25)
at pages.AdminUserPage.getButtonColor(AdminUserPage.java:25)
at pages.AdminUserPage.getButtonColor(AdminUserPage.java:25)
at pages.AdminUserPage.getButtonColor(AdminUserPage.java:25)
at pages.AdminUserPage.getButtonColor(AdminUserPage.java:25)
at pages.AdminUserPage.getButtonColor(AdminUserPage.java:25)
at pages.AdminUserPage.getButtonColor(AdminUserPage.java:25)
at pages.AdminUserPage.getButtonColor(AdminUserPage.java:25)
at pages.AdminUserPage.getButtonColor(AdminUserPage.java:25)
at pages.AdminUserPage.getButtonColor(AdminUserPage.java:25)
at pages.AdminUserPage.getButtonColor(AdminUserPage.java:25)
at pages.AdminUserPage.getButtonColor(AdminUserPage.java:25)
at pages.AdminUserPage.getButtonColor(AdminUserPage.java:25)
at pages.AdminUserPage.getButtonColor(AdminUserPage.java:25)
at pages.AdminUserPage.getButtonColor(AdminUserPage.java:25)
at pages.AdminUserPage.getButtonColor(AdminUserPage.java:25)
at pages.AdminUserPage.getButtonColor(AdminUserPage.java:25)
at pages.AdminUserPage.getButtonColor(AdminUserPage.java:25)
at pages.AdminUserPage.getButtonColor(AdminUserPage.java:25)
at pages.AdminUserPage.getButtonColor(AdminUserPage.java:25)
at pages.AdminUserPage.getButtonColor(AdminUserPage.java:25)
at pages.AdminUserPage.getButtonColor(AdminUserPage.java:25)
at pages.AdminUserPage.getButtonColor(AdminUserPage.java:25)
at pages.AdminUserPage.getButtonColor(AdminUserPage.java:25)
at pages.AdminUserPage.getButtonColor(AdminUserPage.java:25)
at pages.AdminUserPage.getButtonColor(AdminUserPage.java:25)
at pages.AdminUserPage.getButtonColor(AdminUserPage.java:25)
at pages.AdminUserPage.getButtonColor(AdminUserPage.java:25)
at pages.AdminUserPage.getButtonColor(AdminUserPage.java:25)
at pages.AdminUserPage.getButtonColor(AdminUserPage.java:25)
at pages.AdminUserPage.getButtonColor(AdminUserPage.java:25)
at pages.AdminUserPage.getButtonColor(AdminUserPage.java:25)
at pages.AdminUserPage.getButtonColor(AdminUserPage.java:25)
at pages.AdminUserPage.getButtonColor(AdminUserPage.java:25)
at pages.AdminUserPage.getButtonColor(AdminUserPage.java:25)
at pages.AdminUserPage.getButtonColor(AdminUserPage.java:25)
at pages.AdminUserPage.getButtonColor(AdminUserPage.java:25)
at pages.AdminUserPage.getButtonColor(AdminUserPage.java:25)
at pages.AdminUserPage.getButtonColor(AdminUserPage.java:25)
at pages.AdminUserPage.getButtonColor(AdminUserPage.java:25)
at pages.AdminUserPage.getButtonColor(AdminUserPage.java:25)
at pages.AdminUserPage.getButtonColor(AdminUserPage.java:25)
at pages.AdminUserPage.getButtonColor(AdminUserPage.java:25)
at pages.AdminUserPage.getButtonColor(AdminUserPage.java:25)
at pages.AdminUserPage.getButtonColor(AdminUserPage.java:25)
at pages.AdminUserPage.getButtonColor(AdminUserPage.java:25)
at pages.AdminUserPage.getButtonColor(AdminUserPage.java:25)
at pages.AdminUserPage.getButtonColor(AdminUserPage.java:25)
at pages.AdminUserPage.getButtonColor(AdminUserPage.java:25)
at pages.AdminUserPage.getButtonColor(AdminUserPage.java:25)
at pages.AdminUserPage.getButtonColor(AdminUserPage.java:25)
at pages.AdminUserPage.getButtonColor(AdminUserPage.java:25)
at pages.AdminUserPage.getButtonColor(AdminUserPage.java:25)
at pages.AdminUserPage.getButtonColor(AdminUserPage.java:25)
at pages.AdminUserPage.getButtonColor(AdminUserPage.java:25)
at pages.AdminUserPage.getButtonColor(AdminUserPage.java:25)
at pages.AdminUserPage.getButtonColor(AdminUserPage.java:25)
at pages.AdminUserPage.getButtonColor(AdminUserPage.java:25)
at pages.AdminUserPage.getButtonColor(AdminUserPage.java:25)
at pages.AdminUserPage.getButtonColor(AdminUserPage.java:25)
at pages.AdminUserPage.getButtonColor(AdminUserPage.java:25)
at pages.AdminUserPage.getButtonColor(AdminUserPage.java:25)
at pages.AdminUserPage.getButtonColor(AdminUserPage.java:25)
at pages.AdminUserPage.getButtonColor(AdminUserPage.java:25)
at pages.AdminUserPage.getButtonColor(AdminUserPage.java:25)
at pages.AdminUserPage.getButtonColor(AdminUserPage.java:25)
at pages.AdminUserPage.getButtonColor(AdminUserPage.java:25)
at pages.AdminUserPage.getButtonColor(AdminUserPage.java:25)
at pages.AdminUserPage.getButtonColor(AdminUserPage.java:25)
at pages.AdminUserPage.getButtonColor(AdminUserPage.java:25)
at pages.AdminUserPage.getButtonColor(AdminUserPage.java:25)
at pages.AdminUserPage.getButtonColor(AdminUserPage.java:25)
at pages.AdminUserPage.getButtonColor(AdminUserPage.java:25)
at pages.AdminUserPage.getButtonColor(AdminUserPage.java:25)
at pages.AdminUserPage.getButtonColor(AdminUserPage.java:25)
at pages.AdminUserPage.getButtonColor(AdminUserPage.java:25)
at pages.AdminUserPage.getButtonColor(AdminUserPage.java:25)
at pages.AdminUserPage.getButtonColor(AdminUserPage.java:25)
at pages.AdminUserPage.getButtonColor(AdminUserPage.java:25)
at pages.AdminUserPage.getButtonColor(AdminUserPage.java:25)
at pages.AdminUserPage.getButtonColor(AdminUserPage.java:25)
at pages.AdminUserPage.getButtonColor(AdminUserPage.java:25)
at pages.AdminUserPage.getButtonColor(AdminUserPage.java:25)
at pages.AdminUserPage.getButtonColor(AdminUserPage.java:25)
at pages.AdminUserPage.getButtonColor(AdminUserPage.java:25)
at pages.AdminUserPage.getButtonColor(AdminUserPage.java:25)
at pages.AdminUserPage.getButtonColor(AdminUserPage.java:25)
at pages.AdminUserPage.getButtonColor(AdminUserPage.java:25)
at pages.AdminUserPage.getButtonColor(AdminUserPage.java:25)
at pages.AdminUserPage.getButtonColor(AdminUserPage.java:25)
at pages.AdminUserPage.getButtonColor(AdminUserPage.java:25)
at pages.AdminUserPage.getButtonColor(AdminUserPage.java:25)
at pages.AdminUserPage.getButtonColor(AdminUserPage.java:25)
at pages.AdminUserPage.getButtonColor(AdminUserPage.java:25)
at pages.AdminUserPage.getButtonColor(AdminUserPage.java:25)
at pages.AdminUserPage.getButtonColor(AdminUserPage.java:25)
at pages.AdminUserPage.getButtonColor(AdminUserPage.java:25)
at pages.AdminUserPage.getButtonColor(AdminUserPage.java:25)
at pages.AdminUserPage.getButtonColor(AdminUserPage.java:25)
at pages.AdminUserPage.getButtonColor(AdminUserPage.java:25)
at pages.AdminUserPage.getButtonColor(AdminUserPage.java:25)
at pages.AdminUserPage.getButtonColor(AdminUserPage.java:25)
at pages.AdminUserPage.getButtonColor(AdminUserPage.java:25)
at pages.AdminUserPage.getButtonColor(AdminUserPage.java:25)
at pages.AdminUserPage.getButtonColor(AdminUserPage.java:25)
at pages.AdminUserPage.getButtonColor(AdminUserPage.java:25)
at pages.AdminUserPage.getButtonColor(AdminUserPage.java:25)
at pages.AdminUserPage.getButtonColor(AdminUserPage.java:25)
at pages.AdminUserPage.getButtonColor(AdminUserPage.java:25)
at pages.AdminUserPage.getButtonColor(AdminUserPage.java:25)
at pages.AdminUserPage.getButtonColor(AdminUserPage.java:25)
at pages.AdminUserPage.getButtonColor(AdminUserPage.java:25)
at pages.AdminUserPage.getButtonColor(AdminUserPage.java:25)
at pages.AdminUserPage.getButtonColor(AdminUserPage.java:25)
at pages.AdminUserPage.getButtonColor(AdminUserPage.java:25)
at pages.AdminUserPage.getButtonColor(AdminUserPage.java:25)
at pages.AdminUserPage.getButtonColor(AdminUserPage.java:25)
at pages.AdminUserPage.getButtonColor(AdminUserPage.java:25)
at pages.AdminUserPage.getButtonColor(AdminUserPage.java:25)
at pages.AdminUserPage.getButtonColor(AdminUserPage.java:25)
at pages.AdminUserPage.getButtonColor(AdminUserPage.java:25)
at pages.AdminUserPage.getButtonColor(AdminUserPage.java:25)
at pages.AdminUserPage.getButtonColor(AdminUserPage.java:25)
at pages.AdminUserPage.getButtonColor(AdminUserPage.java:25)
at pages.AdminUserPage.getButtonColor(AdminUserPage.java:25)
at pages.AdminUserPage.getButtonColor(AdminUserPage.java:25)
at pages.AdminUserPage.getButtonColor(AdminUserPage.java:25)
at pages.AdminUserPage.getButtonColor(AdminUserPage.java:25)
at pages.AdminUserPage.getButtonColor(AdminUserPage.java:25)
at pages.AdminUserPage.getButtonColor(AdminUserPage.java:25)
at pages.AdminUserPage.getButtonColor(AdminUserPage.java:25)
at pages.AdminUserPage.getButtonColor(AdminUserPage.java:25)
at pages.AdminUserPage.getButtonColor(AdminUserPage.java:25)
at pages.AdminUserPage.getButtonColor(AdminUserPage.java:25)
at pages.AdminUserPage.getButtonColor(AdminUserPage.java:25)
at pages.AdminUserPage.getButtonColor(AdminUserPage.java:25)
at pages.AdminUserPage.getButtonColor(AdminUserPage.java:25)
at pages.AdminUserPage.getButtonColor(AdminUserPage.java:25)
at pages.AdminUserPage.getButtonColor(AdminUserPage.java:25)
at pages.AdminUserPage.getButtonColor(AdminUserPage.java:25)
at pages.AdminUserPage.getButtonColor(AdminUserPage.java:25)
at pages.AdminUserPage.getButtonColor(AdminUserPage.java:25)
at pages.AdminUserPage.getButtonColor(AdminUserPage.java:25)
at pages.AdminUserPage.getButtonColor(AdminUserPage.java:25)
at pages.AdminUserPage.getButtonColor(AdminUserPage.java:25)
at pages.AdminUserPage.getButtonColor(AdminUserPage.java:25)
at pages.AdminUserPage.getButtonColor(AdminUserPage.java:25)
at pages.AdminUserPage.getButtonColor(AdminUserPage.java:25)
at pages.AdminUserPage.getButtonColor(AdminUserPage.java:25)
at pages.AdminUserPage.getButtonColor(AdminUserPage.java:25)
at pages.AdminUserPage.getButtonColor(AdminUserPage.java:25)
at pages.AdminUserPage.getButtonColor(AdminUserPage.java:25)
at pages.AdminUserPage.getButtonColor(AdminUserPage.java:25)
at pages.AdminUserPage.getButtonColor(AdminUserPage.java:25)
at pages.AdminUserPage.getButtonColor(AdminUserPage.java:25)
at pages.AdminUserPage.getButtonColor(AdminUserPage.java:25)
at pages.AdminUserPage.getButtonColor(AdminUserPage.java:25)
at pages.AdminUserPage.getButtonColor(AdminUserPage.java:25)
at pages.AdminUserPage.getButtonColor(AdminUserPage.java:25)
at pages.AdminUserPage.getButtonColor(AdminUserPage.java:25)
at pages.AdminUserPage.getButtonColor(AdminUserPage.java:25)
at pages.AdminUserPage.getButtonColor(AdminUserPage.java:25)
at pages.AdminUserPage.getButtonColor(AdminUserPage.java:25)
at pages.AdminUserPage.getButtonColor(AdminUserPage.java:25)
at pages.AdminUserPage.getButtonColor(AdminUserPage.java:25)
at pages.AdminUserPage.getButtonColor(AdminUserPage.java:25)
at pages.AdminUserPage.getButtonColor(AdminUserPage.java:25)
at pages.AdminUserPage.getButtonColor(AdminUserPage.java:25)
at pages.AdminUserPage.getButtonColor(AdminUserPage.java:25)
at pages.AdminUserPage.getButtonColor(AdminUserPage.java:25)
at pages.AdminUserPage.getButtonColor(AdminUserPage.java:25)
at pages.AdminUserPage.getButtonColor(AdminUserPage.java:25)
at pages.AdminUserPage.getButtonColor(AdminUserPage.java:25)
at pages.AdminUserPage.getButtonColor(AdminUserPage.java:25)
at pages.AdminUserPage.getButtonColor(AdminUserPage.java:25)
at pages.AdminUserPage.getButtonColor(AdminUserPage.java:25)
at pages.AdminUserPage.getButtonColor(AdminUserPage.java:25)
at pages.AdminUserPage.getButtonColor(AdminUserPage.java:25)
at pages.AdminUserPage.getButtonColor(AdminUserPage.java:25)
at pages.AdminUserPage.getButtonColor(AdminUserPage.java:25)
at pages.AdminUserPage.getButtonColor(AdminUserPage.java:25)
at pages.AdminUserPage.getButtonColor(AdminUserPage.java:25)
at pages.AdminUserPage.getButtonColor(AdminUserPage.java:25)
at pages.AdminUserPage.getButtonColor(AdminUserPage.java:25)
at pages.AdminUserPage.getButtonColor(AdminUserPage.java:25)
at pages.AdminUserPage.getButtonColor(AdminUserPage.java:25)
at pages.AdminUserPage.getButtonColor(AdminUserPage.java:25)
at pages.AdminUserPage.getButtonColor(AdminUserPage.java:25)
at pages.AdminUserPage.getButtonColor(AdminUserPage.java:25)
at pages.AdminUserPage.getButtonColor(AdminUserPage.java:25)
at pages.AdminUserPage.getButtonColor(AdminUserPage.java:25)
at pages.AdminUserPage.getButtonColor(AdminUserPage.java:25)
at pages.AdminUserPage.getButtonColor(AdminUserPage.java:25)
at pages.AdminUserPage.getButtonColor(AdminUserPage.java:25)
at pages.AdminUserPage.getButtonColor(AdminUserPage.java:25)
at pages.AdminUserPage.getButtonColor(AdminUserPage.java:25)
at pages.AdminUserPage.getButtonColor(AdminUserPage.java:25)
at pages.AdminUserPage.getButtonColor(AdminUserPage.java:25)
at pages.AdminUserPage.getButtonColor(AdminUserPage.java:25)
at pages.AdminUserPage.getButtonColor(AdminUserPage.java:25)
at pages.AdminUserPage.getButtonColor(AdminUserPage.java:25)
at pages.AdminUserPage.getButtonColor(AdminUserPage.java:25)
at pages.AdminUserPage.getButtonColor(AdminUserPage.java:25)
at pages.AdminUserPage.getButtonColor(AdminUserPage.java:25)
at pages.AdminUserPage.getButtonColor(AdminUserPage.java:25)
at pages.AdminUserPage.getButtonColor(AdminUserPage.java:25)
at pages.AdminUserPage.getButtonColor(AdminUserPage.java:25)
at pages.AdminUserPage.getButtonColor(AdminUserPage.java:25)
at pages.AdminUserPage.getButtonColor(AdminUserPage.java:25)
at pages.AdminUserPage.getButtonColor(AdminUserPage.java:25)
at pages.AdminUserPage.getButtonColor(AdminUserPage.java:25)
at pages.AdminUserPage.getButtonColor(AdminUserPage.java:25)
at pages.AdminUserPage.getButtonColor(AdminUserPage.java:25)
at pages.AdminUserPage.getButtonColor(AdminUserPage.java:25)
at pages.AdminUserPage.getButtonColor(AdminUserPage.java:25)
at pages.AdminUserPage.getButtonColor(AdminUserPage.java:25)
at pages.AdminUserPage.getButtonColor(AdminUserPage.java:25)
at pages.AdminUserPage.getButtonColor(AdminUserPage.java:25)
at pages.AdminUserPage.getButtonColor(AdminUserPage.java:25)
at pages.AdminUserPage.getButtonColor(AdminUserPage.java:25)
at pages.AdminUserPage.getButtonColor(AdminUserPage.java:25)
at pages.AdminUserPage.getButtonColor(AdminUserPage.java:25)
at pages.AdminUserPage.getButtonColor(AdminUserPage.java:25)
at pages.AdminUserPage.getButtonColor(AdminUserPage.java:25)
at pages.AdminUserPage.getButtonColor(AdminUserPage.java:25)
at pages.AdminUserPage.getButtonColor(AdminUserPage.java:25)
at pages.AdminUserPage.getButtonColor(AdminUserPage.java:25)
at pages.AdminUserPage.getButtonColor(AdminUserPage.java:25)
at pages.AdminUserPage.getButtonColor(AdminUserPage.java:25)
at pages.AdminUserPage.getButtonColor(AdminUserPage.java:25)
at pages.AdminUserPage.getButtonColor(AdminUserPage.java:25)
at pages.AdminUserPage.getButtonColor(AdminUserPage.java:25)
at pages.AdminUserPage.getButtonColor(AdminUserPage.java:25)
at pages.AdminUserPage.getButtonColor(AdminUserPage.java:25)
at pages.AdminUserPage.getButtonColor(AdminUserPage.java:25)
at pages.AdminUserPage.getButtonColor(AdminUserPage.java:25)
at pages.AdminUserPage.getButtonColor(AdminUserPage.java:25)
at pages.AdminUserPage.getButtonColor(AdminUserPage.java:25)
at pages.AdminUserPage.getButtonColor(AdminUserPage.java:25)
at pages.AdminUserPage.getButtonColor(AdminUserPage.java:25)
at pages.AdminUserPage.getButtonColor(AdminUserPage.java:25)
at pages.AdminUserPage.getButtonColor(AdminUserPage.java:25)
at pages.AdminUserPage.getButtonColor(AdminUserPage.java:25)
at pages.AdminUserPage.getButtonColor(AdminUserPage.java:25)
at pages.AdminUserPage.getButtonColor(AdminUserPage.java:25)
at pages.AdminUserPage.getButtonColor(AdminUserPage.java:25)
at pages.AdminUserPage.getButtonColor(AdminUserPage.java:25)
at pages.AdminUserPage.getButtonColor(AdminUserPage.java:25)
at pages.AdminUserPage.getButtonColor(AdminUserPage.java:25)
at pages.AdminUserPage.getButtonColor(AdminUserPage.java:25)
at pages.AdminUserPage.getButtonColor(AdminUserPage.java:25)
at pages.AdminUserPage.getButtonColor(AdminUserPage.java:25)
at pages.AdminUserPage.getButtonColor(AdminUserPage.java:25)
at pages.AdminUserPage.getButtonColor(AdminUserPage.java:25)
at pages.AdminUserPage.getButtonColor(AdminUserPage.java:25)
at pages.AdminUserPage.getButtonColor(AdminUserPage.java:25)
at pages.AdminUserPage.getButtonColor(AdminUserPage.java:25)
at pages.AdminUserPage.getButtonColor(AdminUserPage.java:25)
at pages.AdminUserPage.getButtonColor(AdminUserPage.java:25)
at pages.AdminUserPage.getButtonColor(AdminUserPage.java:25)
at pages.AdminUserPage.getButtonColor(AdminUserPage.java:25)
at pages.AdminUserPage.getButtonColor(AdminUserPage.java:25)
at pages.AdminUserPage.getButtonColor(AdminUserPage.java:25)
at pages.AdminUserPage.getButtonColor(AdminUserPage.java:25)
at pages.AdminUserPage.getButtonColor(AdminUserPage.java:25)
at pages.AdminUserPage.getButtonColor(AdminUserPage.java:25)
at pages.AdminUserPage.getButtonColor(AdminUserPage.java:25)
at pages.AdminUserPage.getButtonColor(AdminUserPage.java:25)
at pages.AdminUserPage.getButtonColor(AdminUserPage.java:25)
at pages.AdminUserPage.getButtonColor(AdminUserPage.java:25)
at pages.AdminUserPage.getButtonColor(AdminUserPage.java:25)
at pages.AdminUserPage.getButtonColor(AdminUserPage.java:25)
at pages.AdminUserPage.getButtonColor(AdminUserPage.java:25)
at pages.AdminUserPage.getButtonColor(AdminUserPage.java:25)
at pages.AdminUserPage.getButtonColor(AdminUserPage.java:25)
at pages.AdminUserPage.getButtonColor(AdminUserPage.java:25)
at pages.AdminUserPage.getButtonColor(AdminUserPage.java:25)
at pages.AdminUserPage.getButtonColor(AdminUserPage.java:25)
at pages.AdminUserPage.getButtonColor(AdminUserPage.java:25)
at pages.AdminUserPage.getButtonColor(AdminUserPage.java:25)
at pages.AdminUserPage.getButtonColor(AdminUserPage.java:25)
at pages.AdminUserPage.getButtonColor(AdminUserPage.java:25)
at pages.AdminUserPage.getButtonColor(AdminUserPage.java:25)
at pages.AdminUserPage.getButtonColor(AdminUserPage.java:25)
at pages.AdminUserPage.getButtonColor(AdminUserPage.java:25)
at pages.AdminUserPage.getButtonColor(AdminUserPage.java:25)
at pages.AdminUserPage.getButtonColor(AdminUserPage.java:25)
at pages.AdminUserPage.getButtonColor(AdminUserPage.java:25)
at pages.AdminUserPage.getButtonColor(AdminUserPage.java:25)
at pages.AdminUserPage.getButtonColor(AdminUserPage.java:25)
at pages.AdminUserPage.getButtonColor(AdminUserPage.java:25)
at pages.AdminUserPage.getButtonColor(AdminUserPage.java:25)
at pages.AdminUserPage.getButtonColor(AdminUserPage.java:25)
at pages.AdminUserPage.getButtonColor(AdminUserPage.java:25)
at pages.AdminUserPage.getButtonColor(AdminUserPage.java:25)
at pages.AdminUserPage.getButtonColor(AdminUserPage.java:25)
at pages.AdminUserPage.getButtonColor(AdminUserPage.java:25)
at pages.AdminUserPage.getButtonColor(AdminUserPage.java:25)
at pages.AdminUserPage.getButtonColor(AdminUserPage.java:25)
at pages.AdminUserPage.getButtonColor(AdminUserPage.java:25)
at pages.AdminUserPage.getButtonColor(AdminUserPage.java:25)
at pages.AdminUserPage.getButtonColor(AdminUserPage.java:25)
at pages.AdminUserPage.getButtonColor(AdminUserPage.java:25)
at pages.AdminUserPage.getButtonColor(AdminUserPage.java:25)
at pages.AdminUserPage.getButtonColor(AdminUserPage.java:25)
at pages.AdminUserPage.getButtonColor(AdminUserPage.java:25)
at pages.AdminUserPage.getButtonColor(AdminUserPage.java:25)
at pages.AdminUserPage.getButtonColor(AdminUserPage.java:25)
at pages.AdminUserPage.getButtonColor(AdminUserPage.java:25)
at pages.AdminUserPage.getButtonColor(AdminUserPage.java:25)
at pages.AdminUserPage.getButtonColor(AdminUserPage.java:25)
at pages.AdminUserPage.getButtonColor(AdminUserPage.java:25)
at pages.AdminUserPage.getButtonColor(AdminUserPage.java:25)
at pages.AdminUserPage.getButtonColor(AdminUserPage.java:25)
at pages.AdminUserPage.getButtonColor(AdminUserPage.java:25)
at pages.AdminUserPage.getButtonColor(AdminUserPage.java:25)
at pages.AdminUserPage.getButtonColor(AdminUserPage.java:25)
at pages.AdminUserPage.getButtonColor(AdminUserPage.java:25)
at pages.AdminUserPage.getButtonColor(AdminUserPage.java:25)
at pages.AdminUserPage.getButtonColor(AdminUserPage.java:25)
at pages.AdminUserPage.getButtonColor(AdminUserPage.java:25)
at pages.AdminUserPage.getButtonColor(AdminUserPage.java:25)
at pages.AdminUserPage.getButtonColor(AdminUserPage.java:25)
at pages.AdminUserPage.getButtonColor(AdminUserPage.java:25)
at pages.AdminUserPage.getButtonColor(AdminUserPage.java:25)
at pages.AdminUserPage.getButtonColor(AdminUserPage.java:25)
at pages.AdminUserPage.getButtonColor(AdminUserPage.java:25)
at pages.AdminUserPage.getButtonColor(AdminUserPage.java:25)
at pages.AdminUserPage.getButtonColor(AdminUserPage.java:25)
at pages.AdminUserPage.getButtonColor(AdminUserPage.java:25)
at pages.AdminUserPage.getButtonColor(AdminUserPage.java:25)
at pages.AdminUserPage.getButtonColor(AdminUserPage.java:25)
at pages.AdminUserPage.getButtonColor(AdminUserPage.java:25)
at pages.AdminUserPage.getButtonColor(AdminUserPage.java:25)
at pages.AdminUserPage.getButtonColor(AdminUserPage.java:25)
at pages.AdminUserPage.getButtonColor(AdminUserPage.java:25)
at pages.AdminUserPage.getButtonColor(AdminUserPage.java:25)
at pages.AdminUserPage.getButtonColor(AdminUserPage.java:25)
at pages.AdminUserPage.getButtonColor(AdminUserPage.java:25)
at pages.AdminUserPage.getButtonColor(AdminUserPage.java:25)
at pages.AdminUserPage.getButtonColor(AdminUserPage.java:25)
at pages.AdminUserPage.getButtonColor(AdminUserPage.java:25)
at pages.AdminUserPage.getButtonColor(AdminUserPage.java:25)
at pages.AdminUserPage.getButtonColor(AdminUserPage.java:25)
at pages.AdminUserPage.getButtonColor(AdminUserPage.java:25)
at pages.AdminUserPage.getButtonColor(AdminUserPage.java:25)
at pages.AdminUserPage.getButtonColor(AdminUserPage.java:25)
at pages.AdminUserPage.getButtonColor(AdminUserPage.java:25)
at pages.AdminUserPage.getButtonColor(AdminUserPage.java:25)
at pages.AdminUserPage.getButtonColor(AdminUserPage.java:25)
at pages.AdminUserPage.getButtonColor(AdminUserPage.java:25)
at pages.AdminUserPage.getButtonColor(AdminUserPage.java:25)
at pages.AdminUserPage.getButtonColor(AdminUserPage.java:25)
at pages.AdminUserPage.getButtonColor(AdminUserPage.java:25)
at pages.AdminUserPage.getButtonColor(AdminUserPage.java:25)
at pages.AdminUserPage.getButtonColor(AdminUserPage.java:25)
at pages.AdminUserPage.getButtonColor(AdminUserPage.java:25)
at pages.AdminUserPage.getButtonColor(AdminUserPage.java:25)
at pages.AdminUserPage.getButtonColor(AdminUserPage.java:25)
at pages.AdminUserPage.getButtonColor(AdminUserPage.java:25)
at pages.AdminUserPage.getButtonColor(AdminUserPage.java:25)
at pages.AdminUserPage.getButtonColor(AdminUserPage.java:25)
at pages.AdminUserPage.getButtonColor(AdminUserPage.java:25)
at pages.AdminUserPage.getButtonColor(AdminUserPage.java:25)
at pages.AdminUserPage.getButtonColor(AdminUserPage.java:25)
at pages.AdminUserPage.getButtonColor(AdminUserPage.java:25)
at pages.AdminUserPage.getButtonColor(AdminUserPage.java:25)
at pages.AdminUserPage.getButtonColor(AdminUserPage.java:25)
at pages.AdminUserPage.getButtonColor(AdminUserPage.java:25)
at pages.AdminUserPage.getButtonColor(AdminUserPage.java:25)
at pages.AdminUserPage.getButtonColor(AdminUserPage.java:25)
at pages.AdminUserPage.getButtonColor(AdminUserPage.java:25)
at pages.AdminUserPage.getButtonColor(AdminUserPage.java:25)
at pages.AdminUserPage.getButtonColor(AdminUserPage.java:25)
at pages.AdminUserPage.getButtonColor(AdminUserPage.java:25)
at pages.AdminUserPage.getButtonColor(AdminUserPage.java:25)
at pages.AdminUserPage.getButtonColor(AdminUserPage.java:25)
at pages.AdminUserPage.getButtonColor(AdminUserPage.java:25)
at pages.AdminUserPage.getButtonColor(AdminUserPage.java:25)
at pages.AdminUserPage.getButtonColor(AdminUserPage.java:25)
at pages.AdminUserPage.getButtonColor(AdminUserPage.java:25)
at pages.AdminUserPage.getButtonColor(AdminUserPage.java:25)
at pages.AdminUserPage.getButtonColor(AdminUserPage.java:25)
at pages.AdminUserPage.getButtonColor(AdminUserPage.java:25)
at pages.AdminUserPage.getButtonColor(AdminUserPage.java:25)
at pages.AdminUserPage.getButtonColor(AdminUserPage.java:25)
at pages.AdminUserPage.getButtonColor(AdminUserPage.java:25)
at pages.AdminUserPage.getButtonColor(AdminUserPage.java:25)
at pages.AdminUserPage.getButtonColor(AdminUserPage.java:25)
at pages.AdminUserPage.getButtonColor(AdminUserPage.java:25)
at pages.AdminUserPage.getButtonColor(AdminUserPage.java:25)
at pages.AdminUserPage.getButtonColor(AdminUserPage.java:25)
at pages.AdminUserPage.getButtonColor(AdminUserPage.java:25)
at pages.AdminUserPage.getButtonColor(AdminUserPage.java:25)
at pages.AdminUserPage.getButtonColor(AdminUserPage.java:25)
at pages.AdminUserPage.getButtonColor(AdminUserPage.java:25)
at pages.AdminUserPage.getButtonColor(AdminUserPage.java:25)
at pages.AdminUserPage.getButtonColor(AdminUserPage.java:25)
at pages.AdminUserPage.getButtonColor(AdminUserPage.java:25)
at pages.AdminUserPage.getButtonColor(AdminUserPage.java:25)
at pages.AdminUserPage.getButtonColor(AdminUserPage.java:25)
at pages.AdminUserPage.getButtonColor(AdminUserPage.java:25)
at pages.AdminUserPage.getButtonColor(AdminUserPage.java:25)
at pages.AdminUserPage.getButtonColor(AdminUserPage.java:25)
at pages.AdminUserPage.getButtonColor(AdminUserPage.java:25)
at pages.AdminUserPage.getButtonColor(AdminUserPage.java:25)
at pages.AdminUserPage.getButtonColor(AdminUserPage.java:25)
at pages.AdminUserPage.getButtonColor(AdminUserPage.java:25)
at pages.AdminUserPage.getButtonColor(AdminUserPage.java:25)
at pages.AdminUserPage.getButtonColor(AdminUserPage.java:25)
at pages.AdminUserPage.getButtonColor(AdminUserPage.java:25)
at pages.AdminUserPage.getButtonColor(AdminUserPage.java:25)
at pages.AdminUserPage.getButtonColor(AdminUserPage.java:25)
at pages.AdminUserPage.getButtonColor(AdminUserPage.java:25)
at pages.AdminUserPage.getButtonColor(AdminUserPage.java:25)
at pages.AdminUserPage.getButtonColor(AdminUserPage.java:25)
at pages.AdminUserPage.getButtonColor(AdminUserPage.java:25)
at pages.AdminUserPage.getButtonColor(AdminUserPage.java:25)
at pages.AdminUserPage.getButtonColor(AdminUserPage.java:25)
at pages.AdminUserPage.getButtonColor(AdminUserPage.java:25)
at pages.AdminUserPage.getButtonColor(AdminUserPage.java:25)
at pages.AdminUserPage.getButtonColor(AdminUserPage.java:25)
at pages.AdminUserPage.getButtonColor(AdminUserPage.java:25)
at pages.AdminUserPage.getButtonColor(AdminUserPage.java:25)
at pages.AdminUserPage.getButtonColor(AdminUserPage.java:25)
at pages.AdminUserPage.getButtonColor(AdminUserPage.java:25)
at pages.AdminUserPage.getButtonColor(AdminUserPage.java:25)
at pages.AdminUserPage.getButtonColor(AdminUserPage.java:25)
at pages.AdminUserPage.getButtonColor(AdminUserPage.java:25)
at pages.AdminUserPage.getButtonColor(AdminUserPage.java:25)
at pages.AdminUserPage.getButtonColor(AdminUserPage.java:25)
at pages.AdminUserPage.getButtonColor(AdminUserPage.java:25)
at pages.AdminUserPage.getButtonColor(AdminUserPage.java:25)
at pages.AdminUserPage.getButtonColor(AdminUserPage.java:25)
at pages.AdminUserPage.getButtonColor(AdminUserPage.java:25)
at pages.AdminUserPage.getButtonColor(AdminUserPage.java:25)
at pages.AdminUserPage.getButtonColor(AdminUserPage.java:25)
at pages.AdminUserPage.getButtonColor(AdminUserPage.java:25)
at pages.AdminUserPage.getButtonColor(AdminUserPage.java:25)
at pages.AdminUserPage.getButtonColor(AdminUserPage.java:25)
at pages.AdminUserPage.getButtonColor(AdminUserPage.java:25)
at pages.AdminUserPage.getButtonColor(AdminUserPage.java:25)
at pages.AdminUserPage.getButtonColor(AdminUserPage.java:25)
at pages.AdminUserPage.getButtonColor(AdminUserPage.java:25)
at pages.AdminUserPage.getButtonColor(AdminUserPage.java:25)
at pages.AdminUserPage.getButtonColor(AdminUserPage.java:25)
at pages.AdminUserPage.getButtonColor(AdminUserPage.java:25)
at pages.AdminUserPage.getButtonColor(AdminUserPage.java:25)
at pages.AdminUserPage.getButtonColor(AdminUserPage.java:25)
at pages.AdminUserPage.getButtonColor(AdminUserPage.java:25)
at pages.AdminUserPage.getButtonColor(AdminUserPage.java:25)
at pages.AdminUserPage.getButtonColor(AdminUserPage.java:25)
at pages.AdminUserPage.getButtonColor(AdminUserPage.java:25)
at pages.AdminUserPage.getButtonColor(AdminUserPage.java:25)
at pages.AdminUserPage.getButtonColor(AdminUserPage.java:25)
at pages.AdminUserPage.getButtonColor(AdminUserPage.java:25)
at pages.AdminUserPage.getButtonColor(AdminUserPage.java:25)
at pages.AdminUserPage.getButtonColor(AdminUserPage.java:25)
at pages.AdminUserPage.getButtonColor(AdminUserPage.java:25)
at pages.AdminUserPage.getButtonColor(AdminUserPage.java:25)
at pages.AdminUserPage.getButtonColor(AdminUserPage.java:25)
at pages.AdminUserPage.getButtonColor(AdminUserPage.java:25)
at pages.AdminUserPage.getButtonColor(AdminUserPage.java:25)
at pages.AdminUserPage.getButtonColor(AdminUserPage.java:25)
at pages.AdminUserPage.getButtonColor(AdminUserPage.java:25)
at pages.AdminUserPage.getButtonColor(AdminUserPage.java:25)
at pages.AdminUserPage.getButtonColor(AdminUserPage.java:25)
at pages.AdminUserPage.getButtonColor(AdminUserPage.java:25)
at pages.AdminUserPage.getButtonColor(AdminUserPage.java:25)
at pages.AdminUserPage.getButtonColor(AdminUserPage.java:25)
at pages.AdminUserPage.getButtonColor(AdminUserPage.java:25)
at pages.AdminUserPage.getButtonColor(AdminUserPage.java:25)
at pages.AdminUserPage.getButtonColor(AdminUserPage.java:25)
at pages.AdminUserPage.getButtonColor(AdminUserPage.java:25)
at pages.AdminUserPage.getButtonColor(AdminUserPage.java:25)
at pages.AdminUserPage.getButtonColor(AdminUserPage.java:25)
at pages.AdminUserPage.getButtonColor(AdminUserPage.java:25)
at pages.AdminUserPage.getButtonColor(AdminUserPage.java:25)
at pages.AdminUserPage.getButtonColor(AdminUserPage.java:25)
at pages.AdminUserPage.getButtonColor(AdminUserPage.java:25)
at pages.AdminUserPage.getButtonColor(AdminUserPage.java:25)
at pages.AdminUserPage.getButtonColor(AdminUserPage.java:25)
at pages.AdminUserPage.getButtonColor(AdminUserPage.java:25)
at pages.AdminUserPage.getButtonColor(AdminUserPage.java:25)
at pages.AdminUserPage.getButtonColor(AdminUserPage.java:25)
at pages.AdminUserPage.getButtonColor(AdminUserPage.java:25)
at pages.AdminUserPage.getButtonColor(AdminUserPage.java:25)
at pages.AdminUserPage.getButtonColor(AdminUserPage.java:25)
at pages.AdminUserPage.getButtonColor(AdminUserPage.java:25)
at pages.AdminUserPage.getButtonColor(AdminUserPage.java:25)
at pages.AdminUserPage.getButtonColor(AdminUserPage.java:25)
at pages.AdminUserPage.getButtonColor(AdminUserPage.java:25)
at pages.AdminUserPage.getButtonColor(AdminUserPage.java:25)
at pages.AdminUserPage.getButtonColor(AdminUserPage.java:25)
at pages.AdminUserPage.getButtonColor(AdminUserPage.java:25)
at pages.AdminUserPage.getButtonColor(AdminUserPage.java:25)
at pages.AdminUserPage.getButtonColor(AdminUserPage.java:25)
at pages.AdminUserPage.getButtonColor(AdminUserPage.java:25)
at pages.AdminUserPage.getButtonColor(AdminUserPage.java:25)
at pages.AdminUserPage.getButtonColor(AdminUserPage.java:25)
at pages.AdminUserPage.getButtonColor(AdminUserPage.java:25)
at pages.AdminUserPage.getButtonColor(AdminUserPage.java:25)
at pages.AdminUserPage.getButtonColor(AdminUserPage.java:25)
at pages.AdminUserPage.getButtonColor(AdminUserPage.java:25)
at pages.AdminUserPage.getButtonColor(AdminUserPage.java:25)
at pages.AdminUserPage.getButtonColor(AdminUserPage.java:25)
at pages.AdminUserPage.getButtonColor(AdminUserPage.java:25)
at pages.AdminUserPage.getButtonColor(AdminUserPage.java:25)
at pages.AdminUserPage.getButtonColor(AdminUserPage.java:25)
at pages.AdminUserPage.getButtonColor(AdminUserPage.java:25)
at pages.AdminUserPage.getButtonColor(AdminUserPage.java:25)
at pages.AdminUserPage.getButtonColor(AdminUserPage.java:25)
at pages.AdminUserPage.getButtonColor(AdminUserPage.java:25)
at pages.AdminUserPage.getButtonColor(AdminUserPage.java:25)
at pages.AdminUserPage.getButtonColor(AdminUserPage.java:25)
at pages.AdminUserPage.getButtonColor(AdminUserPage.java:25)
at pages.AdminUserPage.getButtonColor(AdminUserPage.java:25)
at pages.AdminUserPage.getButtonColor(AdminUserPage.java:25)
at pages.AdminUserPage.getButtonColor(AdminUserPage.java:25)
at pages.AdminUserPage.getButtonColor(AdminUserPage.java:25)
at pages.AdminUserPage.getButtonColor(AdminUserPage.java:25)
at pages.AdminUserPage.getButtonColor(AdminUserPage.java:25)
at pages.AdminUserPage.getButtonColor(AdminUserPage.java:25)
at pages.AdminUserPage.getButtonColor(AdminUserPage.java:25)
at pages.AdminUserPage.getButtonColor(AdminUserPage.java:25)
at pages.AdminUserPage.getButtonColor(AdminUserPage.java:25)
at pages.AdminUserPage.getButtonColor(AdminUserPage.java:25)
at pages.AdminUserPage.getButtonColor(AdminUserPage.java:25)
at pages.AdminUserPage.getButtonColor(AdminUserPage.java:25)
at pages.AdminUserPage.getButtonColor(AdminUserPage.java:25)
]]>
    </error>
  </testcase> <!-- verifyNewButtonColor -->
  <testcase classname="testscripts.AdminUserTest" name="verifyNewButtonColor" time="9.152">
    <skipped/>
  </testcase> <!-- verifyNewButtonColor -->
</testsuite> <!-- testscripts.AdminUserTest -->
